This file contains any messages produced by compilers while
running configure, to aid debugging if configure makes a mistake.

It was created by configure, which was
generated by GNU Autoconf 2.61.  Invocation command line was

  $ ./configure 

## --------- ##
## Platform. ##
## --------- ##

hostname = ubuntu
uname -m = i686
uname -r = 2.6.27-7-generic
uname -s = Linux
uname -v = #1 SMP Fri Oct 24 06:42:44 UTC 2008

/usr/bin/uname -p = unknown
/bin/uname -X     = unknown

/bin/arch              = unknown
/usr/bin/arch -k       = unknown
/usr/convex/getsysinfo = unknown
/usr/bin/hostinfo      = unknown
/bin/machine           = unknown
/usr/bin/oslevel       = unknown
/bin/universe          = unknown

PATH: /usr/local/sbin
PATH: /usr/local/bin
PATH: /usr/sbin
PATH: /usr/bin
PATH: /sbin
PATH: /bin
PATH: /usr/X11R6/bin


## ----------- ##
## Core tests. ##
## ----------- ##

configure:2016: checking for a BSD-compatible install
configure:2072: result: /usr/bin/install -c
configure:2083: checking whether build environment is sane
configure:2126: result: yes
configure:2154: checking for a thread-safe mkdir -p
configure:2193: result: /bin/mkdir -p
configure:2206: checking for gawk
configure:2236: result: no
configure:2206: checking for mawk
configure:2222: found /usr/bin/mawk
configure:2233: result: mawk
configure:2244: checking whether make sets $(MAKE)
configure:2265: result: yes
configure:2453: checking whether to enable maintainer-specific portions of Makefiles
configure:2462: result: no
configure:2488: checking for style of include used by make
configure:2516: result: GNU
configure:2586: checking for gcc
configure:2602: found /usr/bin/gcc
configure:2613: result: gcc
configure:2851: checking for C compiler version
configure:2858: gcc --version >&5
gcc (Ubuntu 4.3.2-1ubuntu12) 4.3.2
Copyright (C) 2008 Free Software Foundation, Inc.
This is free software; see the source for copying conditions.  There is NO
warranty; not even for MERCHANTABILITY or FITNESS FOR A PARTICULAR PURPOSE.

configure:2861: $? = 0
configure:2868: gcc -v >&5
Using built-in specs.
Target: i486-linux-gnu
Configured with: ../src/configure -v --with-pkgversion='Ubuntu 4.3.2-1ubuntu12' --with-bugurl=file:///usr/share/doc/gcc-4.3/README.Bugs --enable-languages=c,c++,fortran,objc,obj-c++ --prefix=/usr --enable-shared --with-system-zlib --libexecdir=/usr/lib --without-included-gettext --enable-threads=posix --enable-nls --with-gxx-include-dir=/usr/include/c++/4.3 --program-suffix=-4.3 --enable-clocale=gnu --enable-libstdcxx-debug --enable-objc-gc --enable-mpfr --enable-targets=all --enable-checking=release --build=i486-linux-gnu --host=i486-linux-gnu --target=i486-linux-gnu
Thread model: posix
gcc version 4.3.2 (Ubuntu 4.3.2-1ubuntu12) 
configure:2871: $? = 0
configure:2878: gcc -V >&5
gcc: '-V' option must have argument
configure:2881: $? = 1
configure:2904: checking for C compiler default output file name
configure:2931: gcc    conftest.c  >&5
configure:2934: $? = 0
configure:2972: result: a.out
configure:2989: checking whether the C compiler works
configure:2999: ./a.out
configure:3002: $? = 0
configure:3019: result: yes
configure:3026: checking whether we are cross compiling
configure:3028: result: no
configure:3031: checking for suffix of executables
configure:3038: gcc -o conftest    conftest.c  >&5
configure:3041: $? = 0
configure:3065: result: 
configure:3071: checking for suffix of object files
configure:3097: gcc -c   conftest.c >&5
configure:3100: $? = 0
configure:3123: result: o
configure:3127: checking whether we are using the GNU C compiler
configure:3156: gcc -c   conftest.c >&5
configure:3162: $? = 0
configure:3179: result: yes
configure:3184: checking whether gcc accepts -g
configure:3214: gcc -c -g  conftest.c >&5
configure:3220: $? = 0
configure:3319: result: yes
configure:3336: checking for gcc option to accept ISO C89
configure:3410: gcc  -c -g -O2  conftest.c >&5
configure:3416: $? = 0
configure:3439: result: none needed
configure:3459: checking dependency style of gcc
configure:3550: result: gcc3
configure:3566: checking for library containing strerror
configure:3607: gcc -o conftest -g -O2   conftest.c  >&5
configure:3613: $? = 0
configure:3641: result: none required
configure:3697: checking for gcc
configure:3724: result: gcc
configure:3962: checking for C compiler version
configure:3969: gcc --version >&5
gcc (Ubuntu 4.3.2-1ubuntu12) 4.3.2
Copyright (C) 2008 Free Software Foundation, Inc.
This is free software; see the source for copying conditions.  There is NO
warranty; not even for MERCHANTABILITY or FITNESS FOR A PARTICULAR PURPOSE.

configure:3972: $? = 0
configure:3979: gcc -v >&5
Using built-in specs.
Target: i486-linux-gnu
Configured with: ../src/configure -v --with-pkgversion='Ubuntu 4.3.2-1ubuntu12' --with-bugurl=file:///usr/share/doc/gcc-4.3/README.Bugs --enable-languages=c,c++,fortran,objc,obj-c++ --prefix=/usr --enable-shared --with-system-zlib --libexecdir=/usr/lib --without-included-gettext --enable-threads=posix --enable-nls --with-gxx-include-dir=/usr/include/c++/4.3 --program-suffix=-4.3 --enable-clocale=gnu --enable-libstdcxx-debug --enable-objc-gc --enable-mpfr --enable-targets=all --enable-checking=release --build=i486-linux-gnu --host=i486-linux-gnu --target=i486-linux-gnu
Thread model: posix
gcc version 4.3.2 (Ubuntu 4.3.2-1ubuntu12) 
configure:3982: $? = 0
configure:3989: gcc -V >&5
gcc: '-V' option must have argument
configure:3992: $? = 1
configure:3995: checking whether we are using the GNU C compiler
configure:4047: result: yes
configure:4052: checking whether gcc accepts -g
configure:4187: result: yes
configure:4204: checking for gcc option to accept ISO C89
configure:4307: result: none needed
configure:4327: checking dependency style of gcc
configure:4418: result: gcc3
configure:4491: checking for g++
configure:4507: found /usr/bin/g++
configure:4518: result: g++
configure:4549: checking for C++ compiler version
configure:4556: g++ --version >&5
g++ (Ubuntu 4.3.2-1ubuntu12) 4.3.2
Copyright (C) 2008 Free Software Foundation, Inc.
This is free software; see the source for copying conditions.  There is NO
warranty; not even for MERCHANTABILITY or FITNESS FOR A PARTICULAR PURPOSE.

configure:4559: $? = 0
configure:4566: g++ -v >&5
Using built-in specs.
Target: i486-linux-gnu
Configured with: ../src/configure -v --with-pkgversion='Ubuntu 4.3.2-1ubuntu12' --with-bugurl=file:///usr/share/doc/gcc-4.3/README.Bugs --enable-languages=c,c++,fortran,objc,obj-c++ --prefix=/usr --enable-shared --with-system-zlib --libexecdir=/usr/lib --without-included-gettext --enable-threads=posix --enable-nls --with-gxx-include-dir=/usr/include/c++/4.3 --program-suffix=-4.3 --enable-clocale=gnu --enable-libstdcxx-debug --enable-objc-gc --enable-mpfr --enable-targets=all --enable-checking=release --build=i486-linux-gnu --host=i486-linux-gnu --target=i486-linux-gnu
Thread model: posix
gcc version 4.3.2 (Ubuntu 4.3.2-1ubuntu12) 
configure:4569: $? = 0
configure:4576: g++ -V >&5
g++: '-V' option must have argument
configure:4579: $? = 1
configure:4582: checking whether we are using the GNU C++ compiler
configure:4611: g++ -c   conftest.cpp >&5
configure:4617: $? = 0
configure:4634: result: yes
configure:4639: checking whether g++ accepts -g
configure:4669: g++ -c -g  conftest.cpp >&5
configure:4675: $? = 0
configure:4774: result: yes
configure:4799: checking dependency style of g++
configure:4890: result: gcc3
configure:4910: checking how to run the C preprocessor
configure:4950: gcc -E  conftest.c
configure:4956: $? = 0
configure:4987: gcc -E  conftest.c
conftest.c:10:28: error: ac_nonexistent.h: No such file or directory
configure:4993: $? = 1
configure: failed program was:
| /* confdefs.h.  */
| #define PACKAGE_NAME ""
| #define PACKAGE_TARNAME ""
| #define PACKAGE_VERSION ""
| #define PACKAGE_STRING ""
| #define PACKAGE_BUGREPORT ""
| #define PACKAGE "link-grammar"
| #define VERSION "4.4.1"
| /* end confdefs.h.  */
| #include <ac_nonexistent.h>
configure:5026: result: gcc -E
configure:5055: gcc -E  conftest.c
configure:5061: $? = 0
configure:5092: gcc -E  conftest.c
conftest.c:10:28: error: ac_nonexistent.h: No such file or directory
configure:5098: $? = 1
configure: failed program was:
| /* confdefs.h.  */
| #define PACKAGE_NAME ""
| #define PACKAGE_TARNAME ""
| #define PACKAGE_VERSION ""
| #define PACKAGE_STRING ""
| #define PACKAGE_BUGREPORT ""
| #define PACKAGE "link-grammar"
| #define VERSION "4.4.1"
| /* end confdefs.h.  */
| #include <ac_nonexistent.h>
configure:5148: checking for a BSD-compatible install
configure:5204: result: /usr/bin/install -c
configure:5215: checking whether ln -s works
configure:5219: result: yes
configure:5226: checking whether make sets $(MAKE)
configure:5247: result: yes
configure:5257: checking for grep that handles long lines and -e
configure:5331: result: /bin/grep
configure:5336: checking for egrep
configure:5414: result: /bin/grep -E
configure:5419: checking for ANSI C header files
configure:5449: gcc -c -g -O2  conftest.c >&5
configure:5455: $? = 0
configure:5554: gcc -o conftest -g -O2   conftest.c  >&5
configure:5557: $? = 0
configure:5563: ./conftest
configure:5566: $? = 0
configure:5583: result: yes
configure:5673: checking build system type
configure:5691: result: i686-pc-linux-gnu
configure:5713: checking host system type
configure:5728: result: i686-pc-linux-gnu
configure:5750: checking for a sed that does not truncate output
configure:5806: result: /bin/sed
configure:5820: checking for ld used by gcc
configure:5887: result: /usr/bin/ld
configure:5896: checking if the linker (/usr/bin/ld) is GNU ld
configure:5911: result: yes
configure:5916: checking for /usr/bin/ld option to reload object files
configure:5923: result: -r
configure:5941: checking for BSD-compatible nm
configure:5990: result: /usr/bin/nm -B
configure:5994: checking how to recognize dependent libraries
configure:6180: result: pass_all
configure:6723: checking for sys/types.h
configure:6744: gcc -c -g -O2  conftest.c >&5
configure:6750: $? = 0
configure:6766: result: yes
configure:6723: checking for sys/stat.h
configure:6744: gcc -c -g -O2  conftest.c >&5
configure:6750: $? = 0
configure:6766: result: yes
configure:6723: checking for stdlib.h
configure:6744: gcc -c -g -O2  conftest.c >&5
configure:6750: $? = 0
configure:6766: result: yes
configure:6723: checking for string.h
configure:6744: gcc -c -g -O2  conftest.c >&5
configure:6750: $? = 0
configure:6766: result: yes
configure:6723: checking for memory.h
configure:6744: gcc -c -g -O2  conftest.c >&5
configure:6750: $? = 0
configure:6766: result: yes
configure:6723: checking for strings.h
configure:6744: gcc -c -g -O2  conftest.c >&5
configure:6750: $? = 0
configure:6766: result: yes
configure:6723: checking for inttypes.h
configure:6744: gcc -c -g -O2  conftest.c >&5
configure:6750: $? = 0
configure:6766: result: yes
configure:6723: checking for stdint.h
configure:6744: gcc -c -g -O2  conftest.c >&5
configure:6750: $? = 0
configure:6766: result: yes
configure:6723: checking for unistd.h
configure:6744: gcc -c -g -O2  conftest.c >&5
configure:6750: $? = 0
configure:6766: result: yes
configure:6793: checking dlfcn.h usability
configure:6810: gcc -c -g -O2  conftest.c >&5
configure:6816: $? = 0
configure:6830: result: yes
configure:6834: checking dlfcn.h presence
configure:6849: gcc -E  conftest.c
configure:6855: $? = 0
configure:6869: result: yes
configure:6897: checking for dlfcn.h
configure:6905: result: yes
configure:6928: checking how to run the C++ preprocessor
configure:6964: g++ -E  conftest.cpp
configure:6970: $? = 0
configure:7001: g++ -E  conftest.cpp
conftest.cpp:21:28: error: ac_nonexistent.h: No such file or directory
configure:7007: $? = 1
configure: failed program was:
| /* confdefs.h.  */
| #define PACKAGE_NAME ""
| #define PACKAGE_TARNAME ""
| #define PACKAGE_VERSION ""
| #define PACKAGE_STRING ""
| #define PACKAGE_BUGREPORT ""
| #define PACKAGE "link-grammar"
| #define VERSION "4.4.1"
| #define STDC_HEADERS 1
| #define HAVE_SYS_TYPES_H 1
| #define HAVE_SYS_STAT_H 1
| #define HAVE_STDLIB_H 1
| #define HAVE_STRING_H 1
| #define HAVE_MEMORY_H 1
| #define HAVE_STRINGS_H 1
| #define HAVE_INTTYPES_H 1
| #define HAVE_STDINT_H 1
| #define HAVE_UNISTD_H 1
| #define HAVE_DLFCN_H 1
| /* end confdefs.h.  */
| #include <ac_nonexistent.h>
configure:7040: result: g++ -E
configure:7069: g++ -E  conftest.cpp
configure:7075: $? = 0
configure:7106: g++ -E  conftest.cpp
conftest.cpp:21:28: error: ac_nonexistent.h: No such file or directory
configure:7112: $? = 1
configure: failed program was:
| /* confdefs.h.  */
| #define PACKAGE_NAME ""
| #define PACKAGE_TARNAME ""
| #define PACKAGE_VERSION ""
| #define PACKAGE_STRING ""
| #define PACKAGE_BUGREPORT ""
| #define PACKAGE "link-grammar"
| #define VERSION "4.4.1"
| #define STDC_HEADERS 1
| #define HAVE_SYS_TYPES_H 1
| #define HAVE_SYS_STAT_H 1
| #define HAVE_STDLIB_H 1
| #define HAVE_STRING_H 1
| #define HAVE_MEMORY_H 1
| #define HAVE_STRINGS_H 1
| #define HAVE_INTTYPES_H 1
| #define HAVE_STDINT_H 1
| #define HAVE_UNISTD_H 1
| #define HAVE_DLFCN_H 1
| /* end confdefs.h.  */
| #include <ac_nonexistent.h>
configure:7205: checking for g77
configure:7235: result: no
configure:7205: checking for xlf
configure:7235: result: no
configure:7205: checking for f77
configure:7235: result: no
configure:7205: checking for frt
configure:7235: result: no
configure:7205: checking for pgf77
configure:7235: result: no
configure:7205: checking for cf77
configure:7235: result: no
configure:7205: checking for fort77
configure:7235: result: no
configure:7205: checking for fl32
configure:7235: result: no
configure:7205: checking for af77
configure:7235: result: no
configure:7205: checking for xlf90
configure:7235: result: no
configure:7205: checking for f90
configure:7235: result: no
configure:7205: checking for pgf90
configure:7235: result: no
configure:7205: checking for pghpf
configure:7235: result: no
configure:7205: checking for epcf90
configure:7235: result: no
configure:7205: checking for gfortran
configure:7235: result: no
configure:7205: checking for g95
configure:7235: result: no
configure:7205: checking for xlf95
configure:7235: result: no
configure:7205: checking for f95
configure:7235: result: no
configure:7205: checking for fort
configure:7235: result: no
configure:7205: checking for ifort
configure:7235: result: no
configure:7205: checking for ifc
configure:7235: result: no
configure:7205: checking for efc
configure:7235: result: no
configure:7205: checking for pgf95
configure:7235: result: no
configure:7205: checking for lf95
configure:7235: result: no
configure:7205: checking for ftn
configure:7235: result: no
configure:7262: checking for Fortran 77 compiler version
configure:7269:  --version >&5
./configure: line 7270: --version: command not found
configure:7272: $? = 127
configure:7279:  -v >&5
./configure: line 7280: -v: command not found
configure:7282: $? = 127
configure:7289:  -V >&5
./configure: line 7290: -V: command not found
configure:7292: $? = 127
configure:7300: checking whether we are using the GNU Fortran 77 compiler
configure:7319:  -c  conftest.F >&5
./configure: line 7320: -c: command not found
configure:7325: $? = 127
configure: failed program was:
|       program main
| #ifndef __GNUC__
|        choke me
| #endif
| 
|       end
configure:7342: result: no
configure:7348: checking whether  accepts -g
configure:7365:  -c -g conftest.f >&5
./configure: line 7366: -c: command not found
configure:7371: $? = 127
configure: failed program was:
|       program main
| 
|       end
configure:7387: result: no
configure:7416: checking the maximum length of command line arguments
configure:7528: result: 1572864
configure:7540: checking command to parse /usr/bin/nm -B output from gcc object
configure:7645: gcc -c -g -O2  conftest.c >&5
configure:7648: $? = 0
configure:7652: /usr/bin/nm -B conftest.o \| sed -n -e 's/^.*[ 	]\([ABCDGIRSTW][ABCDGIRSTW]*\)[ 	][ 	]*\([_A-Za-z][_A-Za-z0-9]*\)$/\1 \2 \2/p' \> conftest.nm
configure:7655: $? = 0
configure:7707: gcc -o conftest -g -O2   conftest.c conftstm.o >&5
configure:7710: $? = 0
configure:7748: result: ok
configure:7752: checking for objdir
configure:7767: result: .libs
configure:7859: checking for ar
configure:7875: found /usr/bin/ar
configure:7886: result: ar
configure:7955: checking for ranlib
configure:7971: found /usr/bin/ranlib
configure:7982: result: ranlib
configure:8051: checking for strip
configure:8067: found /usr/bin/strip
configure:8078: result: strip
configure:8676: checking if gcc supports -fno-rtti -fno-exceptions
configure:8694: gcc -c -g -O2  -fno-rtti -fno-exceptions conftest.c >&5
cc1: warning: command line option "-fno-rtti" is valid for C++/ObjC++ but not for C
configure:8698: $? = 0
configure:8711: result: no
configure:8726: checking for gcc option to produce PIC
configure:8958: result: -fPIC
configure:8966: checking if gcc PIC flag -fPIC works
configure:8984: gcc -c -g -O2  -fPIC -DPIC conftest.c >&5
configure:8988: $? = 0
configure:9001: result: yes
configure:9029: checking if gcc static flag -static works
configure:9057: result: yes
configure:9067: checking if gcc supports -c -o file.o
configure:9088: gcc -c -g -O2  -o out/conftest2.o conftest.c >&5
configure:9092: $? = 0
configure:9114: result: yes
configure:9140: checking whether the gcc linker (/usr/bin/ld) supports shared libraries
configure:10121: result: yes
configure:10142: checking whether -lc should be explicitly linked in
configure:10147: gcc -c -g -O2  conftest.c >&5
configure:10150: $? = 0
configure:10165: gcc -shared conftest.o  -v -Wl,-soname -Wl,conftest -o conftest 2\>\&1 \| grep  -lc  \>/dev/null 2\>\&1
configure:10168: $? = 0
configure:10180: result: no
configure:10188: checking dynamic linker characteristics
configure:10802: result: GNU/Linux ld.so
configure:10826: checking how to hardcode library paths into programs
configure:10851: result: immediate
configure:10865: checking whether stripping libraries is possible
configure:10870: result: yes
configure:11672: checking if libtool supports shared libraries
configure:11674: result: yes
configure:11677: checking whether to build shared libraries
configure:11698: result: yes
configure:11701: checking whether to build static libraries
configure:11705: result: yes
configure:11799: creating libtool
configure:12392: checking for ld used by g++
configure:12459: result: /usr/bin/ld
configure:12468: checking if the linker (/usr/bin/ld) is GNU ld
configure:12483: result: yes
configure:12534: checking whether the g++ linker (/usr/bin/ld) supports shared libraries
configure:13480: result: yes
configure:13497: g++ -c -g -O2  conftest.cpp >&5
configure:13500: $? = 0
configure:13656: checking for g++ option to produce PIC
configure:13940: result: -fPIC
configure:13948: checking if g++ PIC flag -fPIC works
configure:13966: g++ -c -g -O2  -fPIC -DPIC conftest.cpp >&5
configure:13970: $? = 0
configure:13983: result: yes
configure:14011: checking if g++ static flag -static works
configure:14039: result: yes
configure:14049: checking if g++ supports -c -o file.o
configure:14070: g++ -c -g -O2  -o out/conftest2.o conftest.cpp >&5
configure:14074: $? = 0
configure:14096: result: yes
configure:14122: checking whether the g++ linker (/usr/bin/ld) supports shared libraries
configure:14151: result: yes
configure:14218: checking dynamic linker characteristics
configure:14780: result: GNU/Linux ld.so
configure:14804: checking how to hardcode library paths into programs
configure:14829: result: immediate
configure:21096: checking for /proc/self/maps
configure:21111: result: yes
configure:21114: checking whether everything is installed to the same prefix
configure:21130: result: no
configure:21133: checking whether binary relocation support should be enabled
configure:21151: result: no
configure:21273: checking for an ANSI C-conforming const
configure:21348: gcc -c -g -O2  conftest.c >&5
configure:21354: $? = 0
configure:21369: result: yes
configure:21384: checking for towupper
configure:21440: gcc -o conftest -g -O2   conftest.c  >&5
conftest.c:44: warning: conflicting types for built-in function 'towupper'
configure:21446: $? = 0
configure:21464: result: yes
configure:21476: checking for native Win32
configure:21486: result: no
configure:21582: checking locale.h usability
configure:21599: gcc -c -g -O2  conftest.c >&5
configure:21605: $? = 0
configure:21619: result: yes
configure:21623: checking locale.h presence
configure:21638: gcc -E  conftest.c
configure:21644: $? = 0
configure:21658: result: yes
configure:21686: checking for locale.h
configure:21694: result: yes
configure:21708: checking for LC_MESSAGES
configure:21734: gcc -o conftest -g -O2   conftest.c  >&5
configure:21740: $? = 0
configure:21757: result: yes
configure:21779: checking editline/readline.h usability
configure:21796: gcc -c -g -O2  conftest.c >&5
conftest.c:58:31: error: editline/readline.h: No such file or directory
configure:21802: $? = 1
configure: failed program was:
| /* confdefs.h.  */
| #define PACKAGE_NAME ""
| #define PACKAGE_TARNAME ""
| #define PACKAGE_VERSION ""
| #define PACKAGE_STRING ""
| #define PACKAGE_BUGREPORT ""
| #define PACKAGE "link-grammar"
| #define VERSION "4.4.1"
| #define STDC_HEADERS 1
| #define HAVE_SYS_TYPES_H 1
| #define HAVE_SYS_STAT_H 1
| #define HAVE_STDLIB_H 1
| #define HAVE_STRING_H 1
| #define HAVE_MEMORY_H 1
| #define HAVE_STRINGS_H 1
| #define HAVE_INTTYPES_H 1
| #define HAVE_STDINT_H 1
| #define HAVE_UNISTD_H 1
| #define HAVE_DLFCN_H 1
| #define HAVE_TOWUPPER 1
| #define DEBUG_MEMORY 0
| #define HAVE_LOCALE_H 1
| #define HAVE_LC_MESSAGES 1
| /* end confdefs.h.  */
| #include <stdio.h>
| #ifdef HAVE_SYS_TYPES_H
| # include <sys/types.h>
| #endif
| #ifdef HAVE_SYS_STAT_H
| # include <sys/stat.h>
| #endif
| #ifdef STDC_HEADERS
| # include <stdlib.h>
| # include <stddef.h>
| #else
| # ifdef HAVE_STDLIB_H
| #  include <stdlib.h>
| # endif
| #endif
| #ifdef HAVE_STRING_H
| # if !defined STDC_HEADERS && defined HAVE_MEMORY_H
| #  include <memory.h>
| # endif
| # include <string.h>
| #endif
| #ifdef HAVE_STRINGS_H
| # include <strings.h>
| #endif
| #ifdef HAVE_INTTYPES_H
| # include <inttypes.h>
| #endif
| #ifdef HAVE_STDINT_H
| # include <stdint.h>
| #endif
| #ifdef HAVE_UNISTD_H
| # include <unistd.h>
| #endif
| #include <editline/readline.h>
configure:21816: result: no
configure:21820: checking editline/readline.h presence
configure:21835: gcc -E  conftest.c
conftest.c:25:31: error: editline/readline.h: No such file or directory
configure:21841: $? = 1
configure: failed program was:
| /* confdefs.h.  */
| #define PACKAGE_NAME ""
| #define PACKAGE_TARNAME ""
| #define PACKAGE_VERSION ""
| #define PACKAGE_STRING ""
| #define PACKAGE_BUGREPORT ""
| #define PACKAGE "link-grammar"
| #define VERSION "4.4.1"
| #define STDC_HEADERS 1
| #define HAVE_SYS_TYPES_H 1
| #define HAVE_SYS_STAT_H 1
| #define HAVE_STDLIB_H 1
| #define HAVE_STRING_H 1
| #define HAVE_MEMORY_H 1
| #define HAVE_STRINGS_H 1
| #define HAVE_INTTYPES_H 1
| #define HAVE_STDINT_H 1
| #define HAVE_UNISTD_H 1
| #define HAVE_DLFCN_H 1
| #define HAVE_TOWUPPER 1
| #define DEBUG_MEMORY 0
| #define HAVE_LOCALE_H 1
| #define HAVE_LC_MESSAGES 1
| /* end confdefs.h.  */
| #include <editline/readline.h>
configure:21855: result: no
configure:21883: checking for editline/readline.h
configure:21890: result: no
configure:21929: checking for supported warning flags
configure:21951: checking whether gcc supports -Wall
configure:21966: gcc -c -g -O2 -Wall  conftest.c >&5
configure:21972: $? = 0
configure:21993: result: yes
configure:21951: checking whether gcc supports -Wextra
configure:21966: gcc -c -g -O2 -Wextra  conftest.c >&5
configure:21972: $? = 0
configure:21993: result: yes
configure:21951: checking whether gcc supports -Wsign-compare
configure:21966: gcc -c -g -O2 -Wsign-compare  conftest.c >&5
configure:21972: $? = 0
configure:21993: result: yes
configure:21951: checking whether gcc supports -Werror-implicit-function-declaration
configure:21966: gcc -c -g -O2 -Werror-implicit-function-declaration  conftest.c >&5
configure:21972: $? = 0
configure:21993: result: yes
configure:21951: checking whether gcc supports -Wpointer-arith
configure:21966: gcc -c -g -O2 -Wpointer-arith  conftest.c >&5
configure:21972: $? = 0
configure:21993: result: yes
configure:21951: checking whether gcc supports -Wwrite-strings
configure:21966: gcc -c -g -O2 -Wwrite-strings  conftest.c >&5
configure:21972: $? = 0
configure:21993: result: yes
configure:21951: checking whether gcc supports -Wstrict-prototypes
configure:21966: gcc -c -g -O2 -Wstrict-prototypes  conftest.c >&5
configure:21972: $? = 0
configure:21993: result: yes
configure:21951: checking whether gcc supports -Wmissing-prototypes
configure:21966: gcc -c -g -O2 -Wmissing-prototypes  conftest.c >&5
configure:21972: $? = 0
configure:21993: result: yes
configure:21951: checking whether gcc supports -Wmissing-declarations
configure:21966: gcc -c -g -O2 -Wmissing-declarations  conftest.c >&5
configure:21972: $? = 0
configure:21993: result: yes
configure:21951: checking whether gcc supports -Wnested-externs
configure:21966: gcc -c -g -O2 -Wnested-externs  conftest.c >&5
configure:21972: $? = 0
configure:21993: result: yes
configure:21951: checking whether gcc supports -Wpacked
configure:21966: gcc -c -g -O2 -Wpacked  conftest.c >&5
configure:21972: $? = 0
configure:21993: result: yes
configure:21951: checking whether gcc supports -Wswitch-enum
configure:21966: gcc -c -g -O2 -Wswitch-enum  conftest.c >&5
configure:21972: $? = 0
configure:21993: result: yes
configure:21951: checking whether gcc supports -Wmissing-format-attribute
configure:21966: gcc -c -g -O2 -Wmissing-format-attribute  conftest.c >&5
configure:21972: $? = 0
configure:21993: result: yes
configure:21951: checking whether gcc supports -Wstrict-aliasing=2
configure:21966: gcc -c -g -O2 -Wstrict-aliasing=2  conftest.c >&5
configure:21972: $? = 0
configure:21993: result: yes
configure:21951: checking whether gcc supports -Winit-self
configure:21966: gcc -c -g -O2 -Winit-self  conftest.c >&5
configure:21972: $? = 0
configure:21993: result: yes
configure:21951: checking whether gcc supports -Wunsafe-loop-optimizations
configure:21966: gcc -c -g -O2 -Wunsafe-loop-optimizations  conftest.c >&5
configure:21972: $? = 0
configure:21993: result: yes
configure:21951: checking whether gcc supports -Wdeclaration-after-statement
configure:21966: gcc -c -g -O2 -Wdeclaration-after-statement  conftest.c >&5
configure:21972: $? = 0
configure:21993: result: yes
configure:21951: checking whether gcc supports -Wold-style-definition
configure:21966: gcc -c -g -O2 -Wold-style-definition  conftest.c >&5
configure:21972: $? = 0
configure:21993: result: yes
configure:21951: checking whether gcc supports -Wno-missing-field-initializers
configure:21966: gcc -c -g -O2 -Wno-missing-field-initializers  conftest.c >&5
configure:21972: $? = 0
configure:21993: result: yes
configure:21951: checking whether gcc supports -Wno-unused-parameter
configure:21966: gcc -c -g -O2 -Wno-unused-parameter  conftest.c >&5
configure:21972: $? = 0
configure:21993: result: yes
configure:21951: checking whether gcc supports -Wno-attributes
configure:21966: gcc -c -g -O2 -Wno-attributes  conftest.c >&5
configure:21972: $? = 0
configure:21993: result: yes
configure:21951: checking whether gcc supports -Wno-long-long
configure:21966: gcc -c -g -O2 -Wno-long-long  conftest.c >&5
configure:21972: $? = 0
configure:21993: result: yes
configure:21951: checking whether gcc supports -Winline
configure:21966: gcc -c -g -O2 -Winline  conftest.c >&5
configure:21972: $? = 0
configure:21993: result: yes
configure:22001: checking which warning flags were supported
configure:22004: result:  -Wall -Wextra -Wsign-compare -Werror-implicit-function-declaration -Wpointer-arith -Wwrite-strings -Wstrict-prototypes -Wmissing-prototypes -Wmissing-declarations -Wnested-externs -Wpacked -Wswitch-enum -Wmissing-format-attribute -Wstrict-aliasing=2 -Winit-self -Wunsafe-loop-optimizations -Wdeclaration-after-statement -Wold-style-definition -Wno-missing-field-initializers -Wno-unused-parameter -Wno-attributes -Wno-long-long -Winline
configure:22011: checking whether gcc supports -fnested-functions
configure:22026: gcc -c -g -O2 -fnested-functions  conftest.c >&5
cc1: error: unrecognized command line option "-fnested-functions"
configure:22032: $? = 1
configure: failed program was:
| 
configure:22053: result: no
configure:22058: checking whether gcc supports -fno-strict-aliasing
configure:22073: gcc -c -g -O2 -fno-strict-aliasing  conftest.c >&5
configure:22079: $? = 0
configure:22100: result: yes
configure:22120: checking for jni.h
configure:22135: gcc -E  conftest.c
conftest.c:25:17: error: jni.h: No such file or directory
configure:22141: $? = 1
configure: failed program was:
| /* confdefs.h.  */
| #define PACKAGE_NAME ""
| #define PACKAGE_TARNAME ""
| #define PACKAGE_VERSION ""
| #define PACKAGE_STRING ""
| #define PACKAGE_BUGREPORT ""
| #define PACKAGE "link-grammar"
| #define VERSION "4.4.1"
| #define STDC_HEADERS 1
| #define HAVE_SYS_TYPES_H 1
| #define HAVE_SYS_STAT_H 1
| #define HAVE_STDLIB_H 1
| #define HAVE_STRING_H 1
| #define HAVE_MEMORY_H 1
| #define HAVE_STRINGS_H 1
| #define HAVE_INTTYPES_H 1
| #define HAVE_STDINT_H 1
| #define HAVE_UNISTD_H 1
| #define HAVE_DLFCN_H 1
| #define HAVE_TOWUPPER 1
| #define DEBUG_MEMORY 0
| #define HAVE_LOCALE_H 1
| #define HAVE_LC_MESSAGES 1
| /* end confdefs.h.  */
| #include <jni.h>
configure:22156: WARNING: Can't find jni.h header in standard locations, trying again with      -I/usr/include/classpath/    -I/opt/jdk1.5/include/    -I/opt/jdk1.5/include/linux    -I/usr/lib/jvm/java-1.5.0-sun-1.5.0.15/include    -I/usr/lib/jvm/java-1.5.0-sun-1.5.0.15/include/linux    -I/usr/lib/jvm/java-6-sun/include/    -I/usr/lib/jvm/java-6-sun/include/linux    -I/c/java/jdk1.6.0/include/    -I/c/java/jdk1.6.0/include/win32/    -I/Developer/SDKs/MacOSX10.5.sdk/System/Library/Frameworks/JavaVM.framework/Headers/    -I/Developer/SDKs/MacOSX10.4u.sdk/System/Library/Frameworks/JavaVM.framework/Headers/ 
configure:22171: gcc -E      -I/usr/include/classpath/    -I/opt/jdk1.5/include/    -I/opt/jdk1.5/include/linux    -I/usr/lib/jvm/java-1.5.0-sun-1.5.0.15/include    -I/usr/lib/jvm/java-1.5.0-sun-1.5.0.15/include/linux    -I/usr/lib/jvm/java-6-sun/include/    -I/usr/lib/jvm/java-6-sun/include/linux    -I/c/java/jdk1.6.0/include/    -I/c/java/jdk1.6.0/include/win32/    -I/Developer/SDKs/MacOSX10.5.sdk/System/Library/Frameworks/JavaVM.framework/Headers/    -I/Developer/SDKs/MacOSX10.4u.sdk/System/Library/Frameworks/JavaVM.framework/Headers/  conftest.c
conftest.c:25:17: error: jni.h: No such file or directory
configure:22177: $? = 1
configure: failed program was:
| /* confdefs.h.  */
| #define PACKAGE_NAME ""
| #define PACKAGE_TARNAME ""
| #define PACKAGE_VERSION ""
| #define PACKAGE_STRING ""
| #define PACKAGE_BUGREPORT ""
| #define PACKAGE "link-grammar"
| #define VERSION "4.4.1"
| #define STDC_HEADERS 1
| #define HAVE_SYS_TYPES_H 1
| #define HAVE_SYS_STAT_H 1
| #define HAVE_STDLIB_H 1
| #define HAVE_STRING_H 1
| #define HAVE_MEMORY_H 1
| #define HAVE_STRINGS_H 1
| #define HAVE_INTTYPES_H 1
| #define HAVE_STDINT_H 1
| #define HAVE_UNISTD_H 1
| #define HAVE_DLFCN_H 1
| #define HAVE_TOWUPPER 1
| #define DEBUG_MEMORY 0
| #define HAVE_LOCALE_H 1
| #define HAVE_LC_MESSAGES 1
| /* end confdefs.h.  */
| #include <jni.h>
configure:22189: WARNING: cannot find jni.h header, needed for Java bindings support.
configure:22430: creating ./config.status

## ---------------------- ##
## Running config.status. ##
## ---------------------- ##

This file was extended by config.status, which was
generated by GNU Autoconf 2.61.  Invocation command line was

  CONFIG_FILES    = 
  CONFIG_HEADERS  = 
  CONFIG_LINKS    = 
  CONFIG_COMMANDS = 
  $ ./config.status 

on ubuntu

config.status:691: creating Makefile
config.status:691: creating build.xml
config.status:691: creating link-grammar.pc
config.status:691: creating link-grammar.spec
config.status:691: creating link-grammar/Makefile
config.status:691: creating link-grammar/minisat/Makefile
config.status:691: creating link-grammar/sat-solver/Makefile
config.status:691: creating link-grammar/link-features.h
config.status:691: creating data/Makefile
config.status:691: creating data/en/Makefile
config.status:691: creating data/en/words/Makefile
config.status:691: creating data/lt/Makefile
config.status:691: creating man/Makefile
config.status:691: creating autopackage/default.apspec
config.status:691: creating link-grammar.xcode/Makefile
config.status:691: creating msvc6/Makefile
config.status:691: creating msvc6/link_grammar_dll/Makefile
config.status:691: creating msvc6/link_grammar_exe/Makefile
config.status:691: creating msvc6/link_grammar_java_dll/Makefile
config.status:691: creating msvc9/Makefile
config.status:882: executing depfiles commands

## ---------------- ##
## Cache variables. ##
## ---------------- ##

ac_cv_build=i686-pc-linux-gnu
ac_cv_c_compiler_gnu=yes
ac_cv_c_const=yes
ac_cv_cxx_compiler_gnu=yes
ac_cv_env_CCC_set=
ac_cv_env_CCC_value=
ac_cv_env_CC_set=
ac_cv_env_CC_value=
ac_cv_env_CFLAGS_set=
ac_cv_env_CFLAGS_value=
ac_cv_env_CPPFLAGS_set=
ac_cv_env_CPPFLAGS_value=
ac_cv_env_CPP_set=
ac_cv_env_CPP_value=
ac_cv_env_CXXCPP_set=
ac_cv_env_CXXCPP_value=
ac_cv_env_CXXFLAGS_set=
ac_cv_env_CXXFLAGS_value=
ac_cv_env_CXX_set=
ac_cv_env_CXX_value=
ac_cv_env_F77_set=
ac_cv_env_F77_value=
ac_cv_env_FFLAGS_set=
ac_cv_env_FFLAGS_value=
ac_cv_env_LDFLAGS_set=
ac_cv_env_LDFLAGS_value=
ac_cv_env_LIBS_set=
ac_cv_env_LIBS_value=
ac_cv_env_build_alias_set=
ac_cv_env_build_alias_value=
ac_cv_env_host_alias_set=
ac_cv_env_host_alias_value=
ac_cv_env_target_alias_set=
ac_cv_env_target_alias_value=
ac_cv_f77_compiler_gnu=no
ac_cv_file__proc_self_maps=yes
ac_cv_func_towupper=yes
ac_cv_header_dlfcn_h=yes
ac_cv_header_editline_readline_h=no
ac_cv_header_inttypes_h=yes
ac_cv_header_locale_h=yes
ac_cv_header_memory_h=yes
ac_cv_header_stdc=yes
ac_cv_header_stdint_h=yes
ac_cv_header_stdlib_h=yes
ac_cv_header_string_h=yes
ac_cv_header_strings_h=yes
ac_cv_header_sys_stat_h=yes
ac_cv_header_sys_types_h=yes
ac_cv_header_unistd_h=yes
ac_cv_host=i686-pc-linux-gnu
ac_cv_objext=o
ac_cv_path_EGREP='/bin/grep -E'
ac_cv_path_GREP=/bin/grep
ac_cv_path_install='/usr/bin/install -c'
ac_cv_path_mkdir=/bin/mkdir
ac_cv_prog_AWK=mawk
ac_cv_prog_CPP='gcc -E'
ac_cv_prog_CXXCPP='g++ -E'
ac_cv_prog_ac_ct_AR=ar
ac_cv_prog_ac_ct_CC=gcc
ac_cv_prog_ac_ct_CXX=g++
ac_cv_prog_ac_ct_RANLIB=ranlib
ac_cv_prog_ac_ct_STRIP=strip
ac_cv_prog_cc_c89=
ac_cv_prog_cc_g=yes
ac_cv_prog_cxx_g=yes
ac_cv_prog_f77_g=no
ac_cv_prog_make_make_set=yes
ac_cv_search_strerror='none required'
am_cv_CC_dependencies_compiler_type=gcc3
am_cv_CXX_dependencies_compiler_type=gcc3
am_cv_val_LC_MESSAGES=yes
br_cv_binreloc=no
br_cv_valid_prefixes=no
link_cv_warn_cflags=' -Wall -Wextra -Wsign-compare -Werror-implicit-function-declaration -Wpointer-arith -Wwrite-strings -Wstrict-prototypes -Wmissing-prototypes -Wmissing-declarations -Wnested-externs -Wpacked -Wswitch-enum -Wmissing-format-attribute -Wstrict-aliasing=2 -Winit-self -Wunsafe-loop-optimizations -Wdeclaration-after-statement -Wold-style-definition -Wno-missing-field-initializers -Wno-unused-parameter -Wno-attributes -Wno-long-long -Winline'
link_cv_warn_maybe='-Wall -Wextra -Wsign-compare -Werror-implicit-function-declaration -Wpointer-arith -Wwrite-strings -Wstrict-prototypes -Wmissing-prototypes -Wmissing-declarations -Wnested-externs -Wpacked -Wswitch-enum -Wmissing-format-attribute -Wstrict-aliasing=2 -Winit-self -Wunsafe-loop-optimizations -Wdeclaration-after-statement -Wold-style-definition -Wno-missing-field-initializers -Wno-unused-parameter -Wno-attributes -Wno-long-long -Winline'
lt_cv_deplibs_check_method=pass_all
lt_cv_file_magic_cmd='$MAGIC_CMD'
lt_cv_file_magic_test_file=
lt_cv_ld_reload_flag=-r
lt_cv_objdir=.libs
lt_cv_path_LD=/usr/bin/ld
lt_cv_path_LDCXX=/usr/bin/ld
lt_cv_path_NM='/usr/bin/nm -B'
lt_cv_path_SED=/bin/sed
lt_cv_prog_compiler_c_o=yes
lt_cv_prog_compiler_c_o_CXX=yes
lt_cv_prog_compiler_pic_works=yes
lt_cv_prog_compiler_pic_works_CXX=yes
lt_cv_prog_compiler_rtti_exceptions=no
lt_cv_prog_compiler_static_works=yes
lt_cv_prog_compiler_static_works_CXX=yes
lt_cv_prog_gnu_ld=yes
lt_cv_prog_gnu_ldcxx=yes
lt_cv_sys_global_symbol_pipe='sed -n -e '\''s/^.*[ 	]\([ABCDGIRSTW][ABCDGIRSTW]*\)[ 	][ 	]*\([_A-Za-z][_A-Za-z0-9]*\)$/\1 \2 \2/p'\'''
lt_cv_sys_global_symbol_to_c_name_address='sed -n -e '\''s/^: \([^ ]*\) $/  {\"\1\", (lt_ptr) 0},/p'\'' -e '\''s/^[BCDEGRST] \([^ ]*\) \([^ ]*\)$/  {"\2", (lt_ptr) \&\2},/p'\'''
lt_cv_sys_global_symbol_to_cdecl='sed -n -e '\''s/^. .* \(.*\)$/extern int \1;/p'\'''
lt_cv_sys_lib_dlsearch_path_spec='/lib /usr/lib /lib/i486-linux-gnu /usr/lib/i486-linux-gnu /usr/lib/alsa-lib /usr/local/lib '
lt_cv_sys_lib_search_path_spec='/usr/lib/gcc/i486-linux-gnu/4.3.2 /usr/lib /lib'
lt_cv_sys_max_cmd_len=1572864
lt_lt_cv_prog_compiler_c_o='"yes"'
lt_lt_cv_prog_compiler_c_o_CXX='"yes"'
lt_lt_cv_sys_global_symbol_pipe='"sed -n -e '\''s/^.*[ 	]\\([ABCDGIRSTW][ABCDGIRSTW]*\\)[ 	][ 	]*\\([_A-Za-z][_A-Za-z0-9]*\\)\$/\\1 \\2 \\2/p'\''"'
lt_lt_cv_sys_global_symbol_to_c_name_address='"sed -n -e '\''s/^: \\([^ ]*\\) \$/  {\\\"\\1\\\", (lt_ptr) 0},/p'\'' -e '\''s/^[BCDEGRST] \\([^ ]*\\) \\([^ ]*\\)\$/  {\"\\2\", (lt_ptr) \\&\\2},/p'\''"'
lt_lt_cv_sys_global_symbol_to_cdecl='"sed -n -e '\''s/^. .* \\(.*\\)\$/extern int \\1;/p'\''"'

## ----------------- ##
## Output variables. ##
## ----------------- ##

ACLOCAL='${SHELL} /home/ubuntu/Projects/semantic-ruby/.semantic-rubyInstall/linkparser/link-grammar-4.4.1/missing --run aclocal-1.10'
AMDEPBACKSLASH='\'
AMDEP_FALSE='#'
AMDEP_TRUE=''
AMTAR='${SHELL} /home/ubuntu/Projects/semantic-ruby/.semantic-rubyInstall/linkparser/link-grammar-4.4.1/missing --run tar'
AR='ar'
AS='as'
AUTOCONF='${SHELL} /home/ubuntu/Projects/semantic-ruby/.semantic-rubyInstall/linkparser/link-grammar-4.4.1/missing --run autoconf'
AUTOHEADER='${SHELL} /home/ubuntu/Projects/semantic-ruby/.semantic-rubyInstall/linkparser/link-grammar-4.4.1/missing --run autoheader'
AUTOMAKE='${SHELL} /home/ubuntu/Projects/semantic-ruby/.semantic-rubyInstall/linkparser/link-grammar-4.4.1/missing --run automake-1.10'
AWK='mawk'
BINRELOC_CFLAGS=''
BINRELOC_LIBS=''
CC='gcc'
CCDEPMODE='depmode=gcc3'
CFLAGS='-g -O2'
CPP='gcc -E'
CPPFLAGS=''
CXX='g++'
CXXCPP='g++ -E'
CXXDEPMODE='depmode=gcc3'
CXXFLAGS='-g -O2'
CYGPATH_W='echo'
DEFS='-DPACKAGE_NAME=\"\" -DPACKAGE_TARNAME=\"\" -DPACKAGE_VERSION=\"\" -DPACKAGE_STRING=\"\" -DPACKAGE_BUGREPORT=\"\" -DPACKAGE=\"link-grammar\" -DVERSION=\"4.4.1\" -DSTDC_HEADERS=1 -DHAVE_SYS_TYPES_H=1 -DHAVE_SYS_STAT_H=1 -DHAVE_STDLIB_H=1 -DHAVE_STRING_H=1 -DHAVE_MEMORY_H=1 -DHAVE_STRINGS_H=1 -DHAVE_INTTYPES_H=1 -DHAVE_STDINT_H=1 -DHAVE_UNISTD_H=1 -DHAVE_DLFCN_H=1 -DHAVE_TOWUPPER=1 -DDEBUG_MEMORY=0 -DHAVE_LOCALE_H=1 -DHAVE_LC_MESSAGES=1'
DEPDIR='.deps'
DLLTOOL='dlltool'
DSYMUTIL=''
ECHO='echo'
ECHO_C=''
ECHO_N='-n'
ECHO_T=''
EGREP='/bin/grep -E'
EXEEXT=''
F77=''
FFLAGS=''
GREP='/bin/grep'
HAVE_EDITLINE_FALSE=''
HAVE_EDITLINE_TRUE='#'
HAVE_JAVA_FALSE=''
HAVE_JAVA_TRUE='#'
INSTALL_DATA='${INSTALL} -m 644'
INSTALL_PROGRAM='${INSTALL}'
INSTALL_SCRIPT='${INSTALL}'
INSTALL_STRIP_PROGRAM='$(install_sh) -c -s'
LDFLAGS=''
LIBOBJS=''
LIBS=''
LIBTOOL='$(SHELL) $(top_builddir)/libtool'
LINK_CFLAGS='  -Wall -Wextra -Wsign-compare -Werror-implicit-function-declaration -Wpointer-arith -Wwrite-strings -Wstrict-prototypes -Wmissing-prototypes -Wmissing-declarations -Wnested-externs -Wpacked -Wswitch-enum -Wmissing-format-attribute -Wstrict-aliasing=2 -Winit-self -Wunsafe-loop-optimizations -Wdeclaration-after-statement -Wold-style-definition -Wno-missing-field-initializers -Wno-unused-parameter -Wno-attributes -Wno-long-long -Winline -fno-strict-aliasing'
LINK_MAJOR_VERSION='4'
LINK_MICRO_VERSION='1'
LINK_MINOR_VERSION='4'
LN_S='ln -s'
LTLIBOBJS=''
MAINT='#'
MAINTAINER_MODE_FALSE=''
MAINTAINER_MODE_TRUE='#'
MAKEINFO='${SHELL} /home/ubuntu/Projects/semantic-ruby/.semantic-rubyInstall/linkparser/link-grammar-4.4.1/missing --run makeinfo'
NMEDIT=''
OBJDUMP='objdump'
OBJEXT='o'
OS_WIN32_FALSE=''
OS_WIN32_TRUE='#'
PACKAGE='link-grammar'
PACKAGE_BUGREPORT=''
PACKAGE_NAME=''
PACKAGE_STRING=''
PACKAGE_TARNAME=''
PACKAGE_VERSION=''
PATH_SEPARATOR=':'
RANLIB='ranlib'
SED='/bin/sed'
SET_MAKE=''
SHELL='/bin/bash'
STRIP='strip'
VERSION='4.4.1'
VERSION_INFO='8:1:4'
WITH_BINRELOC_FALSE=''
WITH_BINRELOC_TRUE='#'
WITH_PTHREADS_FALSE=''
WITH_PTHREADS_TRUE='#'
WITH_SAT_SOLVER_FALSE=''
WITH_SAT_SOLVER_TRUE='#'
ac_ct_CC='gcc'
ac_ct_CXX='g++'
ac_ct_F77=''
am__fastdepCC_FALSE='#'
am__fastdepCC_TRUE=''
am__fastdepCXX_FALSE='#'
am__fastdepCXX_TRUE=''
am__include='include'
am__isrc=''
am__leading_dot='.'
am__quote=''
am__tar='${AMTAR} chof - "$$tardir"'
am__untar='${AMTAR} xf -'
bindir='${exec_prefix}/bin'
build='i686-pc-linux-gnu'
build_alias=''
build_cpu='i686'
build_os='linux-gnu'
build_vendor='pc'
datadir='${datarootdir}'
datarootdir='${prefix}/share'
docdir='${datarootdir}/doc/${PACKAGE}'
dvidir='${docdir}'
exec_prefix='${prefix}'
host='i686-pc-linux-gnu'
host_alias=''
host_cpu='i686'
host_os='linux-gnu'
host_vendor='pc'
htmldir='${docdir}'
includedir='${prefix}/include'
infodir='${datarootdir}/info'
install_sh='$(SHELL) /home/ubuntu/Projects/semantic-ruby/.semantic-rubyInstall/linkparser/link-grammar-4.4.1/install-sh'
libdir='${exec_prefix}/lib'
libexecdir='${exec_prefix}/libexec'
localedir='${datarootdir}/locale'
localstatedir='${prefix}/var'
mandir='${datarootdir}/man'
mkdir_p='/bin/mkdir -p'
oldincludedir='/usr/include'
pdfdir='${docdir}'
prefix='/usr/local'
program_transform_name='s,x,x,'
psdir='${docdir}'
sbindir='${exec_prefix}/sbin'
sharedstatedir='${prefix}/com'
sysconfdir='${prefix}/etc'
target_alias=''

## ----------- ##
## confdefs.h. ##
## ----------- ##

#define PACKAGE_NAME ""
#define PACKAGE_TARNAME ""
#define PACKAGE_VERSION ""
#define PACKAGE_STRING ""
#define PACKAGE_BUGREPORT ""
#define PACKAGE "link-grammar"
#define VERSION "4.4.1"
#define STDC_HEADERS 1
#define HAVE_SYS_TYPES_H 1
#define HAVE_SYS_STAT_H 1
#define HAVE_STDLIB_H 1
#define HAVE_STRING_H 1
#define HAVE_MEMORY_H 1
#define HAVE_STRINGS_H 1
#define HAVE_INTTYPES_H 1
#define HAVE_STDINT_H 1
#define HAVE_UNISTD_H 1
#define HAVE_DLFCN_H 1
#define HAVE_TOWUPPER 1
#define DEBUG_MEMORY 0
#define HAVE_LOCALE_H 1
#define HAVE_LC_MESSAGES 1

configure: exit 0
